Vivado Simulator v2023.2
Copyright 1986-2022 Xilinx, Inc. All Rights Reserved.
Copyright 2022-2023 Advanced Micro Devices, Inc. All Rights Reserved.
Running: C:/Xilinx/Vivado/2023.2/bin/unwrapped/win64.o/xelab.exe --incr --debug typical --relax --mt 2 -L xil_defaultlib -L xbip_utils_v3_0_11 -L c_reg_fd_v12_0_7 -L c_mux_bit_v12_0_7 -L c_shift_ram_v12_0_15 -L unisims_ver -L unimacro_ver -L secureip -L xpm --snapshot blender3_tb_behav xil_defaultlib.blender3_tb xil_defaultlib.glbl -log elaborate.log 
Using 2 slave threads.
Starting static elaboration
Pass Through NonSizing Optimizer
Completed static elaboration
Starting simulation data flow analysis
Completed simulation data flow analysis
Time Resolution for simulation is 1ps
Compiling package std.standard
Compiling package std.textio
Compiling package ieee.std_logic_1164
Compiling package ieee.numeric_std
Compiling package xbip_utils_v3_0_11.xbip_utils_v3_0_11_pkg
Compiling package c_shift_ram_v12_0_15.c_shift_ram_v12_0_15_viv_comp
Compiling package c_shift_ram_v12_0_15.c_shift_ram_v12_0_15_pkg
Compiling package c_mux_bit_v12_0_7.c_mux_bit_v12_0_7_viv_comp
Compiling package c_reg_fd_v12_0_7.c_reg_fd_v12_0_7_viv_comp
Compiling module unisims_ver.IBUF
Compiling module unisims_ver.MMCME2_ADV(CLKFBOUT_MULT_F=20.0,...
Compiling module unisims_ver.BUFG
Compiling module xil_defaultlib.clk_wiz_0_clk_wiz
Compiling module xil_defaultlib.clk_wiz_0
Compiling architecture struct of entity c_shift_ram_v12_0_15.c_shift_ram_v12_0_15_legacy [\c_shift_ram_v12_0_15_legacy(c_x...]
Compiling architecture synth of entity c_shift_ram_v12_0_15.c_shift_ram_v12_0_15_viv [\c_shift_ram_v12_0_15_viv(c_xdev...]
Compiling architecture xilinx of entity c_shift_ram_v12_0_15.c_shift_ram_v12_0_15 [\c_shift_ram_v12_0_15(c_xdevicef...]
Compiling architecture c_shift_ram_0_arch of entity xil_defaultlib.c_shift_ram_0 [c_shift_ram_0_default]
Compiling module xil_defaultlib.domain1_mod
Compiling module xil_defaultlib.domain2
Compiling module xil_defaultlib.blender3
Compiling module xil_defaultlib.blender3_tb
Compiling module xil_defaultlib.glbl
Built simulation snapshot blender3_tb_behav
