
*** Running vivado
    with args -log Mux_2to1.vds -m64 -product Vivado -mode batch -messageDb vivado.pb -notrace -source Mux_2to1.tcl



****** Vivado v2023.2 (64-bit)
  **** SW Build 4029153 on Fri Oct 13 20:14:34 MDT 2023
  **** IP Build 4028589 on Sat Oct 14 00:45:43 MDT 2023
  **** SharedData Build 4025554 on Tue Oct 10 17:18:54 MDT 2023
    ** Copyright 1986-2022 Xilinx, Inc. All Rights Reserved.
    ** Copyright 2022-2023 Advanced Micro Devices, Inc. All Rights Reserved.

source Mux_2to1.tcl -notrace
create_project: Time (s): cpu = 00:00:04 ; elapsed = 00:00:06 . Memory (MB): peak = 583.910 ; gain = 181.305
Command: read_checkpoint -auto_incremental -incremental C:/Users/JP/Documents/School/ECE524/Stream_Interleaver/Clock-Management-DSP-Blocks-DDR-and-SRL/Stream_Interleaver.srcs/utils_1/imports/synth_1/blender.dcp
INFO: [Vivado 12-5825] Read reference checkpoint from C:/Users/JP/Documents/School/ECE524/Stream_Interleaver/Clock-Management-DSP-Blocks-DDR-and-SRL/Stream_Interleaver.srcs/utils_1/imports/synth_1/blender.dcp for incremental synthesis
INFO: [Vivado 12-7989] Please ensure there are no constraint changes
Command: synth_design -top Mux_2to1 -part xc7z020clg484-1
Starting synth_design
Attempting to get a license for feature 'Synthesis' and/or device 'xc7z020'
INFO: [Common 17-349] Got license for feature 'Synthesis' and/or device 'xc7z020'
INFO: [Synth 8-7079] Multithreading enabled for synth_design using a maximum of 2 processes.
INFO: [Synth 8-7078] Launching helper process for spawning children vivado processes
INFO: [Synth 8-7075] Helper process launched with PID 24488
---------------------------------------------------------------------------------
Starting Synthesize : Time (s): cpu = 00:00:03 ; elapsed = 00:00:03 . Memory (MB): peak = 1034.305 ; gain = 435.070
---------------------------------------------------------------------------------
INFO: [Synth 8-6157] synthesizing module 'Mux_2to1' [C:/Users/JP/Documents/School/ECE524/Stream_Interleaver/Clock-Management-DSP-Blocks-DDR-and-SRL/Stream_Interleaver.srcs/sources_1/new/Mux_2to1.v:23]
INFO: [Synth 8-6155] done synthesizing module 'Mux_2to1' (0#1) [C:/Users/JP/Documents/School/ECE524/Stream_Interleaver/Clock-Management-DSP-Blocks-DDR-and-SRL/Stream_Interleaver.srcs/sources_1/new/Mux_2to1.v:23]
---------------------------------------------------------------------------------
Finished Synthesize : Time (s): cpu = 00:00:03 ; elapsed = 00:00:04 . Memory (MB): peak = 1140.559 ; gain = 541.324
---------------------------------------------------------------------------------
---------------------------------------------------------------------------------
Finished Constraint Validation : Time (s): cpu = 00:00:04 ; elapsed = 00:00:04 . Memory (MB): peak = 1140.559 ; gain = 541.324
---------------------------------------------------------------------------------
---------------------------------------------------------------------------------
Start Loading Part and Timing Information
---------------------------------------------------------------------------------
Loading part: xc7z020clg484-1
---------------------------------------------------------------------------------
Finished Loading Part and Timing Information : Time (s): cpu = 00:00:04 ; elapsed = 00:00:04 . Memory (MB): peak = 1140.559 ; gain = 541.324
---------------------------------------------------------------------------------
INFO: [Device 21-403] Loading part xc7z020clg484-1
---------------------------------------------------------------------------------
Start Preparing Guide Design
---------------------------------------------------------------------------------
CRITICAL WARNING: [Synth 8-6895] The reference checkpoint C:/Users/JP/Documents/School/ECE524/Stream_Interleaver/Clock-Management-DSP-Blocks-DDR-and-SRL/Stream_Interleaver.srcs/utils_1/imports/synth_1/blender.dcp is not suitable for use with incremental synthesis for this design. Please regenerate the checkpoint for this design with -incremental_synth switch in the same Vivado session that synth_design has been run. Synthesis will continue with the default flow
---------------------------------------------------------------------------------
Finished Doing Graph Differ : Time (s): cpu = 00:00:04 ; elapsed = 00:00:04 . Memory (MB): peak = 1140.559 ; gain = 541.324
---------------------------------------------------------------------------------
---------------------------------------------------------------------------------
Finished Preparing Guide Design : Time (s): cpu = 00:00:04 ; elapsed = 00:00:04 . Memory (MB): peak = 1140.559 ; gain = 541.324
---------------------------------------------------------------------------------
---------------------------------------------------------------------------------
Finished RTL Optimization Phase 2 : Time (s): cpu = 00:00:04 ; elapsed = 00:00:04 . Memory (MB): peak = 1140.559 ; gain = 541.324
---------------------------------------------------------------------------------


Incremental Synthesis Report Summary:

1. Incremental synthesis run: no

   Reason for not running incremental synthesis : 


INFO: [Synth 8-7130] Flow is switching to default flow due to incremental criteria not met. If you would like to alter this behaviour and have the flow terminate instead, please set the following parameter config_implementation {autoIncr.Synth.RejectBehavior Terminate}
No constraint files found.
---------------------------------------------------------------------------------
Start RTL Component Statistics 
---------------------------------------------------------------------------------
Detailed RTL Component Info : 
+---Muxes : 
	   2 Input    8 Bit        Muxes := 1     
---------------------------------------------------------------------------------
Finished RTL Component Statistics 
---------------------------------------------------------------------------------
---------------------------------------------------------------------------------
Start Part Resource Summary
---------------------------------------------------------------------------------
Part Resources:
DSPs: 220 (col length:60)
BRAMs: 280 (col length: RAMB18 60 RAMB36 30)
---------------------------------------------------------------------------------
Finished Part Resource Summary
---------------------------------------------------------------------------------
No constraint files found.
---------------------------------------------------------------------------------
Start Cross Boundary and Area Optimization
---------------------------------------------------------------------------------
WARNING: [Synth 8-7080] Parallel synthesis criteria is not met
---------------------------------------------------------------------------------
Finished Cross Boundary and Area Optimization : Time (s): cpu = 00:00:06 ; elapsed = 00:00:12 . Memory (MB): peak = 1350.078 ; gain = 750.844
---------------------------------------------------------------------------------
No constraint files found.
---------------------------------------------------------------------------------
Start Timing Optimization
---------------------------------------------------------------------------------
---------------------------------------------------------------------------------
Finished Timing Optimization : Time (s): cpu = 00:00:07 ; elapsed = 00:00:12 . Memory (MB): peak = 1350.980 ; gain = 751.746
---------------------------------------------------------------------------------
---------------------------------------------------------------------------------
Start Technology Mapping
---------------------------------------------------------------------------------
---------------------------------------------------------------------------------
Finished Technology Mapping : Time (s): cpu = 00:00:07 ; elapsed = 00:00:12 . Memory (MB): peak = 1350.980 ; gain = 751.746
---------------------------------------------------------------------------------
---------------------------------------------------------------------------------
Start IO Insertion
---------------------------------------------------------------------------------
---------------------------------------------------------------------------------
Start Flattening Before IO Insertion
---------------------------------------------------------------------------------
---------------------------------------------------------------------------------
Finished Flattening Before IO Insertion
---------------------------------------------------------------------------------
---------------------------------------------------------------------------------
Start Final Netlist Cleanup
---------------------------------------------------------------------------------
---------------------------------------------------------------------------------
Finished Final Netlist Cleanup
---------------------------------------------------------------------------------
---------------------------------------------------------------------------------
Finished IO Insertion : Time (s): cpu = 00:00:09 ; elapsed = 00:00:14 . Memory (MB): peak = 1350.988 ; gain = 751.754
---------------------------------------------------------------------------------
---------------------------------------------------------------------------------
Start Renaming Generated Instances
---------------------------------------------------------------------------------
---------------------------------------------------------------------------------
Finished Renaming Generated Instances : Time (s): cpu = 00:00:09 ; elapsed = 00:00:14 . Memory (MB): peak = 1350.988 ; gain = 751.754
---------------------------------------------------------------------------------
---------------------------------------------------------------------------------
Start Rebuilding User Hierarchy
---------------------------------------------------------------------------------
---------------------------------------------------------------------------------
Finished Rebuilding User Hierarchy : Time (s): cpu = 00:00:09 ; elapsed = 00:00:14 . Memory (MB): peak = 1350.988 ; gain = 751.754
---------------------------------------------------------------------------------
---------------------------------------------------------------------------------
Start Renaming Generated Ports
---------------------------------------------------------------------------------
---------------------------------------------------------------------------------
Finished Renaming Generated Ports : Time (s): cpu = 00:00:09 ; elapsed = 00:00:14 . Memory (MB): peak = 1350.988 ; gain = 751.754
---------------------------------------------------------------------------------
---------------------------------------------------------------------------------
Start Handling Custom Attributes
---------------------------------------------------------------------------------
---------------------------------------------------------------------------------
Finished Handling Custom Attributes : Time (s): cpu = 00:00:09 ; elapsed = 00:00:14 . Memory (MB): peak = 1350.988 ; gain = 751.754
---------------------------------------------------------------------------------
---------------------------------------------------------------------------------
Start Renaming Generated Nets
---------------------------------------------------------------------------------
---------------------------------------------------------------------------------
Finished Renaming Generated Nets : Time (s): cpu = 00:00:09 ; elapsed = 00:00:14 . Memory (MB): peak = 1350.988 ; gain = 751.754
---------------------------------------------------------------------------------
---------------------------------------------------------------------------------
Start Writing Synthesis Report
---------------------------------------------------------------------------------

Report BlackBoxes: 
+-+--------------+----------+
| |BlackBox name |Instances |
+-+--------------+----------+
+-+--------------+----------+

Report Cell Usage: 
+------+-----+------+
|      |Cell |Count |
+------+-----+------+
|1     |LUT3 |     8|
|2     |IBUF |    17|
|3     |OBUF |     8|
+------+-----+------+

Report Instance Areas: 
+------+---------+-------+------+
|      |Instance |Module |Cells |
+------+---------+-------+------+
|1     |top      |       |    33|
+------+---------+-------+------+
---------------------------------------------------------------------------------
Finished Writing Synthesis Report : Time (s): cpu = 00:00:09 ; elapsed = 00:00:14 . Memory (MB): peak = 1350.988 ; gain = 751.754
---------------------------------------------------------------------------------
Synthesis finished with 0 errors, 1 critical warnings and 1 warnings.
Synthesis Optimization Runtime : Time (s): cpu = 00:00:09 ; elapsed = 00:00:14 . Memory (MB): peak = 1350.988 ; gain = 751.754
Synthesis Optimization Complete : Time (s): cpu = 00:00:09 ; elapsed = 00:00:14 . Memory (MB): peak = 1350.988 ; gain = 751.754
INFO: [Project 1-571] Translating synthesized netlist
Netlist sorting complete. Time (s): cpu = 00:00:00 ; elapsed = 00:00:00 . Memory (MB): peak = 1363.051 ; gain = 0.000
INFO: [Project 1-570] Preparing netlist for logic optimization
INFO: [Opt 31-138] Pushed 0 inverter(s) to 0 load pin(s).
Netlist sorting complete. Time (s): cpu = 00:00:00 ; elapsed = 00:00:00 . Memory (MB): peak = 1463.258 ; gain = 0.000
INFO: [Project 1-111] Unisim Transformation Summary:
No Unisim elements were transformed.

The system cannot find the path specified.
Synth Design complete | Checksum: 2fc3d4a9
INFO: [Common 17-83] Releasing license: Synthesis
15 Infos, 1 Warnings, 1 Critical Warnings and 0 Errors encountered.
synth_design completed successfully
synth_design: Time (s): cpu = 00:00:10 ; elapsed = 00:00:15 . Memory (MB): peak = 1463.258 ; gain = 870.352
INFO: [runtcl-6] Synthesis results are not added to the cache due to CRITICAL_WARNING
Write ShapeDB Complete: Time (s): cpu = 00:00:00 ; elapsed = 00:00:00.001 . Memory (MB): peak = 1463.258 ; gain = 0.000
INFO: [Common 17-1381] The checkpoint 'C:/Users/JP/Documents/School/ECE524/Stream_Interleaver/Clock-Management-DSP-Blocks-DDR-and-SRL/Stream_Interleaver.runs/synth_1/Mux_2to1.dcp' has been generated.
INFO: [runtcl-4] Executing : report_utilization -file Mux_2to1_utilization_synth.rpt -pb Mux_2to1_utilization_synth.pb
INFO: [Common 17-206] Exiting Vivado at Thu Oct  9 22:36:06 2025...
